<?xml version="1.0" encoding="UTF-8"?>
<!-- Generated by org.testng.reporters.JUnitReportReporter -->
<testsuite hostname="LAPTOP-6BLT8BB7" failures="0" tests="1" name="com.Smyttenapplication.testcase.gesturestest" time="80.229" errors="0" timestamp="2024-01-05T14:16:53 IST" skipped="0">
  <testcase classname="com.Smyttenapplication.testcase.gesturestest" name="swipe_scroll" time="80.229"/>
  <system-out/>
</testsuite> <!-- com.Smyttenapplication.testcase.gesturestest -->
