<?xml version="1.0" encoding="UTF-8"?>
<!-- Generated by org.testng.reporters.JUnitReportReporter -->
<testsuite hostname="LAPTOP-6BLT8BB7" failures="0" tests="1" name="com.Smyttenapplication.testcase.Logintest" time="15.778" errors="0" timestamp="2024-01-27T19:01:36 IST" skipped="0">
  <testcase classname="com.Smyttenapplication.testcase.Logintest" name="logintest" time="15.778"/>
  <system-out/>
</testsuite> <!-- com.Smyttenapplication.testcase.Logintest -->
