<?xml version="1.0" encoding="UTF-8"?>
<!-- Generated by org.testng.reporters.JUnitReportReporter -->
<testsuite hostname="LAPTOP-6BLT8BB7" failures="0" tests="1" name="com.Smyttenapplication.testcase.Totalingproductpriceincarttest" time="77.680" errors="0" timestamp="2024-01-27T19:01:36 IST" skipped="0">
  <testcase classname="com.Smyttenapplication.testcase.Totalingproductpriceincarttest" name="validatepropricewithtotalprice" time="77.680"/>
  <system-out/>
</testsuite> <!-- com.Smyttenapplication.testcase.Totalingproductpriceincarttest -->
