<?xml version="1.0" encoding="UTF-8"?>
<!-- Generated by org.testng.reporters.JUnitReportReporter -->
<testsuite hostname="LAPTOP-6BLT8BB7" failures="0" tests="2" name="com.Smyttenapplication.testcase.gesturestest" time="155.053" errors="0" timestamp="2024-01-27T19:01:36 IST" skipped="1">
  <testcase classname="com.Smyttenapplication.testcase.gesturestest" name="swipe_scroll" time="95.470"/>
  <system-out/>
  <testcase classname="com.Smyttenapplication.testcase.gesturestest" name="swipe_scroll" time="59.583">
    <skipped/>
  </testcase> <!-- swipe_scroll -->
  <system-out/>
</testsuite> <!-- com.Smyttenapplication.testcase.gesturestest -->
