<?xml version="1.0" encoding="UTF-8"?>
<!-- Generated by org.testng.reporters.JUnitReportReporter -->
<testsuite hostname="LAPTOP-6BLT8BB7" failures="0" tests="1" name="com.Smyttenapplication.testcase.Logintest" time="17.128" errors="0" timestamp="2024-01-05T14:16:53 IST" skipped="0">
  <testcase classname="com.Smyttenapplication.testcase.Logintest" name="logintest" time="17.128"/>
  <system-out/>
</testsuite> <!-- com.Smyttenapplication.testcase.Logintest -->
